1609724407147	mozrunner::runner	INFO	Running command: "C:\\Program Files\\Mozilla Firefox\\firefox.exe" "-marionette" "-foreground" "-no-remote" "-profile" "C:\\Users\\Leo\\AppData\\Local\\Temp\\rust_mozprofile6Sexcs"
Can't find symbol 'eglSwapBuffersWithDamageEXT'.
Can't find symbol 'eglSetDamageRegionKHR'.
JavaScript error: resource://gre/modules/XULStore.jsm, line 66: Error: Can't find profile directory.
console.warn: SearchSettings: "get: No settings file exists, new profile?" (new Error("", "(unknown module)"))
1609724418287	Marionette	INFO	Listening on port 56026
1609724418794	Marionette	WARN	TLS certificate errors will be ignored for this session
1609724547685	Marionette	INFO	Stopped listening on port 56026

###!!! [Child][RunMessage] Error: Channel closing: too late to send/recv, messages will be lost

1609724562336	mozrunner::runner	INFO	Running command: "C:\\Program Files\\Mozilla Firefox\\firefox.exe" "-marionette" "-foreground" "-no-remote" "-profile" "C:\\Users\\Leo\\AppData\\Local\\Temp\\rust_mozprofile07fKBt"
Can't find symbol 'eglSwapBuffersWithDamageEXT'.
Can't find symbol 'eglSetDamageRegionKHR'.
JavaScript error: resource://gre/modules/XULStore.jsm, line 66: Error: Can't find profile directory.
console.warn: SearchSettings: "get: No settings file exists, new profile?" (new Error("", "(unknown module)"))
console.error: Region.jsm: "Error fetching region" (new Error("TIMEOUT", "resource://gre/modules/Region.jsm", 726))
console.error: Region.jsm: "Failed to fetch region" (new Error("TIMEOUT", "resource://gre/modules/Region.jsm", 376))
1609724575354	Marionette	INFO	Listening on port 56251
1609724575511	Marionette	WARN	TLS certificate errors will be ignored for this session
1609724691879	Marionette	INFO	Stopped listening on port 56251
1609724742889	mozrunner::runner	INFO	Running command: "C:\\Program Files\\Mozilla Firefox\\firefox.exe" "-marionette" "-foreground" "-no-remote" "-profile" "C:\\Users\\Leo\\AppData\\Local\\Temp\\rust_mozprofilew1JQ19"
Can't find symbol 'eglSwapBuffersWithDamageEXT'.
Can't find symbol 'eglSetDamageRegionKHR'.
JavaScript error: resource://gre/modules/XULStore.jsm, line 66: Error: Can't find profile directory.
console.warn: SearchSettings: "get: No settings file exists, new profile?" (new Error("", "(unknown module)"))
1609724753380	Marionette	INFO	Listening on port 56476
1609724753902	Marionette	WARN	TLS certificate errors will be ignored for this session
1609724808929	Marionette	INFO	Stopped listening on port 56476

###!!! [Child][RunMessage] Error: Channel closing: too late to send/recv, messages will be lost

